<?xml version="1.0" encoding="UTF-8"?>
<testng-results ignored="0" total="2" passed="2" failed="0" skipped="0">
  <reporter-output>
  </reporter-output>
  <suite started-at="2021-04-03T10:15:26Z" name="Surefire suite" finished-at="2021-04-03T10:15:52Z" duration-ms="26427">
    <groups>
    </groups>
    <test started-at="2021-04-03T10:15:26Z" name="Surefire test" finished-at="2021-04-03T10:15:52Z" duration-ms="26427">
      <class name="pageclasses.NewTest">
        <test-method signature="f()[pri:0, instance:pageclasses.NewTest@8b87145]" started-at="2021-04-03T10:15:52Z" name="f" finished-at="2021-04-03T10:15:52Z" duration-ms="1" status="PASS">
          <reporter-output>
          </reporter-output>
        </test-method> <!-- f -->
      </class> <!-- pageclasses.NewTest -->
      <class name="com.practice.flightsbooking.LoginTest">
        <test-method is-config="true" signature="beforeClass()[pri:0, instance:com.practice.flightsbooking.LoginTest@5fcd892a]" started-at="2021-04-03T10:15:26Z" name="beforeClass" finished-at="2021-04-03T10:15:36Z" duration-ms="10620" status="PASS">
          <reporter-output>
          </reporter-output>
        </test-method> <!-- beforeClass -->
        <test-method signature="LoginTest1()[pri:0, instance:com.practice.flightsbooking.LoginTest@5fcd892a]" started-at="2021-04-03T10:15:36Z" name="LoginTest1" finished-at="2021-04-03T10:15:52Z" duration-ms="15791" status="PASS">
          <reporter-output>
          </reporter-output>
        </test-method> <!-- LoginTest1 -->
        <test-method is-config="true" signature="afterClass()[pri:0, instance:com.practice.flightsbooking.LoginTest@5fcd892a]" started-at="2021-04-03T10:15:52Z" name="afterClass" finished-at="2021-04-03T10:15:52Z" duration-ms="0" status="PASS">
          <reporter-output>
          </reporter-output>
        </test-method> <!-- afterClass -->
      </class> <!-- com.practice.flightsbooking.LoginTest -->
    </test> <!-- Surefire test -->
  </suite> <!-- Surefire suite -->
</testng-results>
