<?xml version="1.0" encoding="UTF-8"?>
<testsuite xmlns:xsi="http://www.w3.org/2001/XMLSchema-instance" xsi:noNamespaceSchemaLocation="https://maven.apache.org/surefire/maven-surefire-plugin/xsd/surefire-test-report-3.0.xsd" version="3.0" name="com.practice.flightsbooking.LoginTest" time="16.528" tests="1" errors="0" skipped="0" failures="0">
  <properties>
[...]
</properties>
  <testcase name="LoginTest1" classname="com.practice.flightsbooking.LoginTest" time="10.136">
    <system-err><![CDATA[1617022966787	geckodriver	INFO	Listening on 127.0.0.1:8210
1617022967453	mozrunner::runner	INFO	Running command: "C:\\Program Files\\Mozilla Firefox\\firefox.exe" "--marionette" "-foreground" "-no-remote" "-profile" "C:\\Users\\Nikhil\\AppData\\Local\\Temp\\rust_mozprofilejlAbzl"
console.warn: SearchSettings: "get: No settings file exists, new profile?" (new Error("", "(unknown module)"))
1617022969912	Marionette	INFO	Listening on port 52451
1617022970125	Marionette	WARN	TLS certificate errors will be ignored for this session
Mar 29, 2021 6:32:50 PM org.openqa.selenium.remote.ProtocolHandshake createSession
INFO: Detected dialect: W3C
]]></system-err>
  </testcase>
</testsuite>