<?xml version="1.0" encoding="UTF-8"?>
<testng-results ignored="0" total="1" passed="1" failed="0" skipped="0">
  <reporter-output>
  </reporter-output>
  <suite started-at="2021-03-29T12:39:25Z" name="Default suite" finished-at="2021-03-29T12:39:38Z" duration-ms="12908">
    <groups>
    </groups>
    <test started-at="2021-03-29T12:39:25Z" name="Default test" finished-at="2021-03-29T12:39:38Z" duration-ms="12908">
      <class name="com.practice.flightsbooking.LoginTest">
        <test-method is-config="true" signature="beforeClass()[pri:0, instance:com.practice.flightsbooking.LoginTest@2474f125]" started-at="2021-03-29T12:39:25Z" name="beforeClass" finished-at="2021-03-29T12:39:32Z" duration-ms="6348" status="PASS">
          <reporter-output>
          </reporter-output>
        </test-method> <!-- beforeClass -->
        <test-method signature="LoginTest1()[pri:0, instance:com.practice.flightsbooking.LoginTest@2474f125]" started-at="2021-03-29T12:39:32Z" name="LoginTest1" finished-at="2021-03-29T12:39:38Z" duration-ms="6534" status="PASS">
          <reporter-output>
          </reporter-output>
        </test-method> <!-- LoginTest1 -->
        <test-method is-config="true" signature="afterClass()[pri:0, instance:com.practice.flightsbooking.LoginTest@2474f125]" started-at="2021-03-29T12:39:38Z" name="afterClass" finished-at="2021-03-29T12:39:38Z" duration-ms="2" status="PASS">
          <reporter-output>
          </reporter-output>
        </test-method> <!-- afterClass -->
      </class> <!-- com.practice.flightsbooking.LoginTest -->
    </test> <!-- Default test -->
  </suite> <!-- Default suite -->
</testng-results>
